This is pdfTeX, Version 3.1415926-2.5-1.40.14 (TeX Live 2013/Debian) (format=pdflatex 2015.10.11)  14 DEC 2015 11:38
entering extended mode
 restricted \write18 enabled.
 %&-line parsing enabled.
**passwordmodeling.tex
(./passwordmodeling.tex
LaTeX2e <2011/06/27>
Babel <3.9h> and hyphenation patterns for 2 languages loaded.
(/usr/share/texlive/texmf-dist/tex/latex/amscls/amsart.cls
Document Class: amsart 2009/07/02 v2.20.1
\linespacing=\dimen102
\normalparindent=\dimen103
\normaltopskip=\skip41
(/usr/share/texlive/texmf-dist/tex/latex/amsmath/amsmath.sty
Package: amsmath 2013/01/14 v2.14 AMS math features
\@mathmargin=\skip42

For additional information on amsmath, use the `?' option.
(/usr/share/texlive/texmf-dist/tex/latex/amsmath/amstext.sty
Package: amstext 2000/06/29 v2.01

(/usr/share/texlive/texmf-dist/tex/latex/amsmath/amsgen.sty
File: amsgen.sty 1999/11/30 v2.0
\@emptytoks=\toks14
\ex@=\dimen104
))
(/usr/share/texlive/texmf-dist/tex/latex/amsmath/amsbsy.sty
Package: amsbsy 1999/11/29 v1.2d
\pmbraise@=\dimen105
)
(/usr/share/texlive/texmf-dist/tex/latex/amsmath/amsopn.sty
Package: amsopn 1999/12/14 v2.01 operator names
)
\inf@bad=\count79
LaTeX Info: Redefining \frac on input line 210.
\uproot@=\count80
\leftroot@=\count81
LaTeX Info: Redefining \overline on input line 306.
\classnum@=\count82
\DOTSCASE@=\count83
LaTeX Info: Redefining \ldots on input line 378.
LaTeX Info: Redefining \dots on input line 381.
LaTeX Info: Redefining \cdots on input line 466.
\Mathstrutbox@=\box26
\strutbox@=\box27
\big@size=\dimen106
LaTeX Font Info:    Redeclaring font encoding OML on input line 566.
LaTeX Font Info:    Redeclaring font encoding OMS on input line 567.
\macc@depth=\count84
\c@MaxMatrixCols=\count85
\dotsspace@=\muskip10
\c@parentequation=\count86
\dspbrk@lvl=\count87
\tag@help=\toks15
\row@=\count88
\column@=\count89
\maxfields@=\count90
\andhelp@=\toks16
\eqnshift@=\dimen107
\alignsep@=\dimen108
\tagshift@=\dimen109
\tagwidth@=\dimen110
\totwidth@=\dimen111
\lineht@=\dimen112
\@envbody=\toks17
\multlinegap=\skip43
\multlinetaggap=\skip44
\mathdisplay@stack=\toks18
LaTeX Info: Redefining \[ on input line 2665.
LaTeX Info: Redefining \] on input line 2666.
)
LaTeX Font Info:    Try loading font information for U+msa on input line 388.

(/usr/share/texlive/texmf-dist/tex/latex/amsfonts/umsa.fd
File: umsa.fd 2013/01/14 v3.01 AMS symbols A
)
(/usr/share/texlive/texmf-dist/tex/latex/amsfonts/amsfonts.sty
Package: amsfonts 2013/01/14 v3.01 Basic AMSFonts support
\symAMSa=\mathgroup4
\symAMSb=\mathgroup5
LaTeX Font Info:    Overwriting math alphabet `\mathfrak' in version `bold'
(Font)                  U/euf/m/n --> U/euf/b/n on input line 106.
)
\copyins=\insert233
\abstractbox=\box28
\listisep=\skip45
\c@part=\count91
\c@section=\count92
\c@subsection=\count93
\c@subsubsection=\count94
\c@paragraph=\count95
\c@subparagraph=\count96
\c@figure=\count97
\c@table=\count98
\abovecaptionskip=\skip46
\belowcaptionskip=\skip47
\captionindent=\dimen113
\thm@style=\toks19
\thm@bodyfont=\toks20
\thm@headfont=\toks21
\thm@notefont=\toks22
\thm@headpunct=\toks23
\thm@preskip=\skip48
\thm@postskip=\skip49
\thm@headsep=\skip50
\dth@everypar=\toks24
)
(/home/jay/texmf/tex/latex/listings/listings.sty
(/usr/share/texlive/texmf-dist/tex/latex/graphics/keyval.sty
Package: keyval 1999/03/16 v1.13 key=value parser (DPC)
\KV@toks@=\toks25
)
\lst@mode=\count99
\lst@gtempboxa=\box29
\lst@token=\toks26
\lst@length=\count100
\lst@currlwidth=\dimen114
\lst@column=\count101
\lst@pos=\count102
\lst@lostspace=\dimen115
\lst@width=\dimen116
\lst@newlines=\count103
\lst@lineno=\count104
\lst@maxwidth=\dimen117

(/home/jay/texmf/tex/latex/listings/lstmisc.sty
File: lstmisc.sty 2015/06/04 1.6 (Carsten Heinz)
\c@lstnumber=\count105
\lst@skipnumbers=\count106
\lst@framebox=\box30
)
(/home/jay/texmf/tex/latex/listings/listings.cfg
File: listings.cfg 2015/06/04 1.6 listings configuration
))
Package: listings 2015/06/04 1.6 (Carsten Heinz)

(/usr/share/texlive/texmf-dist/tex/latex/graphics/color.sty
Package: color 2005/11/14 v1.0j Standard LaTeX Color (DPC)

(/usr/share/texlive/texmf-dist/tex/latex/latexconfig/color.cfg
File: color.cfg 2007/01/18 v1.5 color configuration of teTeX/TeXLive
)
Package color Info: Driver file: pdftex.def on input line 130.

(/usr/share/texlive/texmf-dist/tex/latex/pdftex-def/pdftex.def
File: pdftex.def 2011/05/27 v0.06d Graphics/color for pdfTeX

(/usr/share/texlive/texmf-dist/tex/generic/oberdiek/infwarerr.sty
Package: infwarerr 2010/04/08 v1.3 Providing info/warning/error messages (HO)
)
(/usr/share/texlive/texmf-dist/tex/generic/oberdiek/ltxcmds.sty
Package: ltxcmds 2011/11/09 v1.22 LaTeX kernel commands for general use (HO)
)
\Gread@gobject=\count107
))
(/usr/share/texlive/texmf-dist/tex/latex/bbm-macros/bbm.sty
Package: bbm 1999/03/15 V 1.2 provides fonts for set symbols - TH
LaTeX Font Info:    Overwriting math alphabet `\mathbbm' in version `bold'
(Font)                  U/bbm/m/n --> U/bbm/bx/n on input line 33.
LaTeX Font Info:    Overwriting math alphabet `\mathbbmss' in version `bold'
(Font)                  U/bbmss/m/n --> U/bbmss/bx/n on input line 35.
)
(/home/jay/texmf/tex/latex/listings/lstlang1.sty
File: lstlang1.sty 2015/06/04 1.6 listings language file
)
\c@thm=\count108
 (./passwordmodeling.aux

LaTeX Warning: Label `latexcompanion' multiply defined.


LaTeX Warning: Label `latexcompanion' multiply defined.


LaTeX Warning: Label `latexcompanion' multiply defined.


LaTeX Warning: Label `latexcompanion' multiply defined.

)
\openout1 = `passwordmodeling.aux'.

LaTeX Font Info:    Checking defaults for OML/cmm/m/it on input line 153.
LaTeX Font Info:    ... okay on input line 153.
LaTeX Font Info:    Checking defaults for T1/cmr/m/n on input line 153.
LaTeX Font Info:    ... okay on input line 153.
LaTeX Font Info:    Checking defaults for OT1/cmr/m/n on input line 153.
LaTeX Font Info:    ... okay on input line 153.
LaTeX Font Info:    Checking defaults for OMS/cmsy/m/n on input line 153.
LaTeX Font Info:    ... okay on input line 153.
LaTeX Font Info:    Checking defaults for OMX/cmex/m/n on input line 153.
LaTeX Font Info:    ... okay on input line 153.
LaTeX Font Info:    Checking defaults for U/cmr/m/n on input line 153.
LaTeX Font Info:    ... okay on input line 153.
LaTeX Font Info:    Try loading font information for U+msa on input line 153.
 (/usr/share/texlive/texmf-dist/tex/latex/amsfonts/umsa.fd
File: umsa.fd 2013/01/14 v3.01 AMS symbols A
)
LaTeX Font Info:    Try loading font information for U+msb on input line 153.

(/usr/share/texlive/texmf-dist/tex/latex/amsfonts/umsb.fd
File: umsb.fd 2013/01/14 v3.01 AMS symbols B
)
\c@lstlisting=\count109

(/usr/share/texlive/texmf-dist/tex/context/base/supp-pdf.mkii
[Loading MPS to PDF converter (version 2006.09.02).]
\scratchcounter=\count110
\scratchdimen=\dimen118
\scratchbox=\box31
\nofMPsegments=\count111
\nofMParguments=\count112
\everyMPshowfont=\toks27
\MPscratchCnt=\count113
\MPscratchDim=\dimen119
\MPnumerator=\count114
\makeMPintoPDFobject=\count115
\everyMPtoPDFconversion=\toks28
) [1{/var/lib/texmf/fonts/map/pdftex/updmap/pdftex.map}]
(./passwordmodeling.toc)
\tf@toc=\write3
\openout3 = `passwordmodeling.toc'.


Overfull \hbox (26.01437pt too wide) has occurred while \output is active
[] \OT1/cmr/m/n/7 PROBABILISTIC PASSWORD MODELING: PREDICTING PASSWORDS WITH MA
CHINE LEARNING 
 []

[2]
Overfull \hbox (26.01437pt too wide) has occurred while \output is active
 \OT1/cmr/m/n/7 PROBABILISTIC PASSWORD MODELING: PREDICTING PASSWORDS WITH MACH
INE LEARNING []
 []

[3]
LaTeX Font Info:    Try loading font information for U+bbm on input line 283.
 (/usr/share/texlive/texmf-dist/tex/latex/bbm-macros/ubbm.fd
File: ubbm.fd 1999/03/15 V 1.2 Font definition for bbm font - TH
)
Overfull \hbox (26.01437pt too wide) has occurred while \output is active
[] \OT1/cmr/m/n/7 PROBABILISTIC PASSWORD MODELING: PREDICTING PASSWORDS WITH MA
CHINE LEARNING 
 []

[4]
Underfull \vbox (badness 6125) has occurred while \output is active []


Overfull \hbox (26.01437pt too wide) has occurred while \output is active
 \OT1/cmr/m/n/7 PROBABILISTIC PASSWORD MODELING: PREDICTING PASSWORDS WITH MACH
INE LEARNING []
 []

[5]
Overfull \hbox (11.44489pt too wide) in paragraph at lines 316--357
 [] 
 []


Overfull \hbox (26.01437pt too wide) has occurred while \output is active
[] \OT1/cmr/m/n/7 PROBABILISTIC PASSWORD MODELING: PREDICTING PASSWORDS WITH MA
CHINE LEARNING 
 []

[6]
Underfull \hbox (badness 10000) in paragraph at lines 364--366

 []


Underfull \hbox (badness 10000) in paragraph at lines 371--374

 []


Overfull \hbox (26.01437pt too wide) has occurred while \output is active
 \OT1/cmr/m/n/7 PROBABILISTIC PASSWORD MODELING: PREDICTING PASSWORDS WITH MACH
INE LEARNING []
 []

[7]
Underfull \hbox (badness 10000) in paragraph at lines 385--388

 []


Overfull \hbox (26.01437pt too wide) has occurred while \output is active
[] \OT1/cmr/m/n/7 PROBABILISTIC PASSWORD MODELING: PREDICTING PASSWORDS WITH MA
CHINE LEARNING 
 []

[8]
Overfull \hbox (26.01437pt too wide) has occurred while \output is active
 \OT1/cmr/m/n/7 PROBABILISTIC PASSWORD MODELING: PREDICTING PASSWORDS WITH MACH
INE LEARNING []
 []

[9]
Overfull \hbox (26.01437pt too wide) has occurred while \output is active
[] \OT1/cmr/m/n/7 PROBABILISTIC PASSWORD MODELING: PREDICTING PASSWORDS WITH MA
CHINE LEARNING 
 []

[10]
Overfull \hbox (34.0513pt too wide) in paragraph at lines 441--442
[][][][][][][][][][][][][][][][][][][][][][][][][][][][][][][][][][][][][][][] 

 []


Underfull \vbox (badness 1769) has occurred while \output is active []


Overfull \hbox (26.01437pt too wide) has occurred while \output is active
 \OT1/cmr/m/n/7 PROBABILISTIC PASSWORD MODELING: PREDICTING PASSWORDS WITH MACH
INE LEARNING []
 []

[11]
LaTeX Font Info:    Try loading font information for OMS+cmss on input line 474
.
LaTeX Font Info:    No file OMScmss.fd. on input line 474.


LaTeX Font Warning: Font shape `OMS/cmss/m/n' undefined
(Font)              using `OMS/cmsy/m/n' instead
(Font)              for symbol `textasteriskcentered' on input line 474.


Overfull \hbox (128.40161pt too wide) in paragraph at lines 474--475
[][][][][][][][][][][][][][][][][][][][][][][][][][][][][][][][][][][][][][][][
][][][][][][][][][][][][][][][][][] 
 []


Overfull \hbox (84.00146pt too wide) in paragraph at lines 485--486
[][][][][][][][][][][][][][][][][][][][][][][][][][][][][][][][][][][][][][][][
][][][][][][][][][][][][][][][][][][][][][][][][][][][][][][][][][][][][][][][]
[][][][][][][][][][][] 
 []


Overfull \hbox (106.20154pt too wide) in paragraph at lines 504--505
[][][][][][][][][][][][][][][][][][][][][][][] 
 []


Overfull \hbox (45.15134pt too wide) in paragraph at lines 505--506
[][][][][][][][][][][][][][][][][][][][][][][][][][][][][][][][][][][][][][][] 

 []


Overfull \hbox (17.40125pt too wide) in paragraph at lines 508--509
[][][][][][][][][][][][][][][][][][][][][] 
 []


Overfull \hbox (39.60132pt too wide) in paragraph at lines 509--510
[][][][][][][][][][][][][][][][][][][][][][][][][][][][][][][][][][][][][][][] 

 []


Overfull \hbox (89.55148pt too wide) in paragraph at lines 515--516
[][][][][][][][][][][][][][][][][][][][][][][][][][][][][][][] 
 []


Overfull \hbox (156.1517pt too wide) in paragraph at lines 516--517
[][][][][][][][][][][][][][][][][][][][][][][][][][][][][][][] 
 []


Overfull \hbox (111.75156pt too wide) in paragraph at lines 517--518
[][][][][][][][][][][][][][][][][][][][][][][][][][][][][][][][] 
 []


Overfull \hbox (100.65152pt too wide) in paragraph at lines 518--519
[][][][][][][][][][][][][][][][][][][][][][][][][][][][][][][][][][] 
 []


Overfull \hbox (156.1517pt too wide) in paragraph at lines 519--520
[][][][][][][][][][][][][][][][][][][][][][][][][][][][][][][][] 
 []


Overfull \hbox (300.45218pt too wide) in paragraph at lines 520--524
[][][][][][][][][][][][][][][][][][][][][][][][][][][][][][][][] 
 []


Underfull \vbox (badness 10000) has occurred while \output is active []


Overfull \hbox (26.01437pt too wide) has occurred while \output is active
[] \OT1/cmr/m/n/7 PROBABILISTIC PASSWORD MODELING: PREDICTING PASSWORDS WITH MA
CHINE LEARNING 
 []

[12]
Overfull \hbox (61.80139pt too wide) in paragraph at lines 525--526
[][][][][][][][][][][][][][] 
 []


Overfull \hbox (61.80139pt too wide) in paragraph at lines 528--529
[][][][][][][][][][][][][][] 
 []


Overfull \hbox (17.40125pt too wide) in paragraph at lines 530--531
[][][][][][][][][][][][][][][][][][][][][][][][][][][][][] 
 []


Overfull \hbox (26.01437pt too wide) has occurred while \output is active
 \OT1/cmr/m/n/7 PROBABILISTIC PASSWORD MODELING: PREDICTING PASSWORDS WITH MACH
INE LEARNING []
 []

[13]
LaTeX Font Info:    Try loading font information for OML+cmss on input line 548
.
LaTeX Font Info:    No file OMLcmss.fd. on input line 548.


LaTeX Font Warning: Font shape `OML/cmss/m/n' undefined
(Font)              using `OML/cmm/m/it' instead
(Font)              for symbol `textless' on input line 548.


Overfull \hbox (111.75156pt too wide) in paragraph at lines 552--554
[][][][][][][][][][][][][][][][][][][][][][][][][][][][][][][][][][][][][][][][
][][][][][][][][][][][] 
 []


Overfull \hbox (45.15134pt too wide) in paragraph at lines 578--579
[][][][][][][][][][][][][][][][][][][][][][][][][][][][][][] 
 []


Overfull \hbox (28.50128pt too wide) in paragraph at lines 587--588
[][][][][][][][][][][][][][][][][][][][][][][][][][][][][][][][][][][][][][][][
][][][][][][][][][][][][][][][][][][][][][][][][][][][][][][][][][][][][] 
 []


Overfull \hbox (317.10223pt too wide) in paragraph at lines 594--595
[][][][][][][][][][][][][][][][][][][][][][][][][][][][][][][][][][][][][][][][
][][][][][][][][][][][][][][][][][][][] 
 []


Overfull \hbox (211.65189pt too wide) in paragraph at lines 595--596
[][][][][][][][][][][][][][][][][][][][][][][][][][][][][][][][][][][][][][][][
][][][][] 
 []


Underfull \vbox (badness 10000) has occurred while \output is active []


Overfull \hbox (26.01437pt too wide) has occurred while \output is active
[] \OT1/cmr/m/n/7 PROBABILISTIC PASSWORD MODELING: PREDICTING PASSWORDS WITH MA
CHINE LEARNING 
 []

[14]
Overfull \hbox (50.70135pt too wide) in paragraph at lines 604--605
[][][][][][][][][][][][][][][][][][][][][][][][][][][][][][][][][][][][][][][][
][][][][][][] 
 []


Overfull \hbox (26.01437pt too wide) has occurred while \output is active
 \OT1/cmr/m/n/7 PROBABILISTIC PASSWORD MODELING: PREDICTING PASSWORDS WITH MACH
INE LEARNING []
 []

[15]
Overfull \hbox (34.0513pt too wide) in paragraph at lines 632--633
[][][][][][][][][][][][][][][][][][][][][][][][][][][][][][][][][][][][][][][][
][][][][][][][][] 
 []


Overfull \hbox (39.60132pt too wide) in paragraph at lines 633--634
[][][][][][][][][][][][][][][][][][][][][][][][][][][][][][][][][][][][][][][][
][][][][][][][][][] 
 []


Overfull \hbox (122.8516pt too wide) in paragraph at lines 635--636
[][][][][][][][][][][][][][][][][][][][][][][][][][][][][][][][] 
 []


Overfull \hbox (156.1517pt too wide) in paragraph at lines 639--640
[][][][][][][][][][][][][][][][][][][][][][][][][][][][][][][][][][][] 
 []


Overfull \hbox (50.70135pt too wide) in paragraph at lines 650--651
[][][][][][][][][][][][][][][][][][][][][][][][][][][][][][][][][][][][][][][][
][][][][][][] 
 []


Overfull \hbox (84.00146pt too wide) in paragraph at lines 656--657
[][][][][][][][][][][][][][][][][][][][][][][][][][][][][][][][][][][][] 
 []


Overfull \hbox (26.01437pt too wide) has occurred while \output is active
[] \OT1/cmr/m/n/7 PROBABILISTIC PASSWORD MODELING: PREDICTING PASSWORDS WITH MA
CHINE LEARNING 
 []

[16] (./passwordmodeling.aux)

LaTeX Font Warning: Some font shapes were not available, defaults substituted.


LaTeX Warning: There were multiply-defined labels.

 ) 
Here is how much of TeX's memory you used:
 3730 strings out of 495028
 48410 string characters out of 6181496
 178018 words of memory out of 5000000
 6757 multiletter control sequences out of 15000+600000
 12219 words of font info for 50 fonts, out of 8000000 for 9000
 175 hyphenation exceptions out of 8191
 34i,7n,40p,2294b,1724s stack positions out of 5000i,500n,10000p,200000b,80000s
 </home/jay/.texmf-var/fonts/pk/ljfour/public/bbm/bbm7.600pk></usr/share/texl
ive/texmf-dist/fonts/type1/public/amsfonts/cm/cmbx10.pfb></usr/share/texlive/te
xmf-dist/fonts/type1/public/amsfonts/cm/cmbx9.pfb></usr/share/texlive/texmf-dis
t/fonts/type1/public/amsfonts/cm/cmcsc10.pfb></usr/share/texlive/texmf-dist/fon
ts/type1/public/amsfonts/cm/cmmi10.pfb></usr/share/texlive/texmf-dist/fonts/typ
e1/public/amsfonts/cm/cmmi5.pfb></usr/share/texlive/texmf-dist/fonts/type1/publ
ic/amsfonts/cm/cmmi7.pfb></usr/share/texlive/texmf-dist/fonts/type1/public/amsf
onts/cm/cmmi9.pfb></usr/share/texlive/texmf-dist/fonts/type1/public/amsfonts/cm
/cmr10.pfb></usr/share/texlive/texmf-dist/fonts/type1/public/amsfonts/cm/cmr5.p
fb></usr/share/texlive/texmf-dist/fonts/type1/public/amsfonts/cm/cmr6.pfb></usr
/share/texlive/texmf-dist/fonts/type1/public/amsfonts/cm/cmr7.pfb></usr/share/t
exlive/texmf-dist/fonts/type1/public/amsfonts/cm/cmr8.pfb></usr/share/texlive/t
exmf-dist/fonts/type1/public/amsfonts/cm/cmr9.pfb></usr/share/texlive/texmf-dis
t/fonts/type1/public/amsfonts/cm/cmss9.pfb></usr/share/texlive/texmf-dist/fonts
/type1/public/amsfonts/cm/cmsy10.pfb></usr/share/texlive/texmf-dist/fonts/type1
/public/amsfonts/cm/cmsy5.pfb></usr/share/texlive/texmf-dist/fonts/type1/public
/amsfonts/cm/cmsy7.pfb></usr/share/texlive/texmf-dist/fonts/type1/public/amsfon
ts/cm/cmsy9.pfb></usr/share/texlive/texmf-dist/fonts/type1/public/amsfonts/cm/c
mti8.pfb>
Output written on passwordmodeling.pdf (16 pages, 266408 bytes).
PDF statistics:
 137 PDF objects out of 1000 (max. 8388607)
 98 compressed objects within 1 object stream
 0 named destinations out of 1000 (max. 500000)
 1 words of extra memory for PDF output out of 10000 (max. 10000000)

